<?xml version="1.0" encoding="UTF-8"?>
<!-- Generated by org.testng.reporters.JUnitReportReporter -->
<testsuite skipped="0" hostname="MDTR02" name="com.maveric.test.MaveriConnectTest" tests="1" failures="0" timestamp="12 Mar 2019 05:50:01 GMT" time="15.737" errors="0">
  <testcase name="positiveCredentialCheckwithPOM" time="15.737" classname="com.maveric.test.MaveriConnectTest"/>
</testsuite> <!-- com.maveric.test.MaveriConnectTest -->
